1521298619526	geckodriver	INFO	Listening on 127.0.0.1:37361
1521298620527	mozprofile::profile	INFO	Using profile path /tmp/rust_mozprofile.bSD9t8C7kSgK
1521298620529	geckodriver::marionette	INFO	Starting browser /usr/bin/firefox
1521298620565	geckodriver::marionette	INFO	Connecting to Marionette on localhost:33103
1521298622598	Marionette	INFO	Enabled via --marionette
1521298627655	Marionette	INFO	Listening on port 33103
1521298627975	Marionette	DEBUG	Register listener.js for window 2147483649
1521298628555	Marionette	DEBUG	Received DOM event "beforeunload" for "about:blank"
1521298629805	Marionette	DEBUG	Received DOM event "pagehide" for "about:blank"
1521298629806	Marionette	DEBUG	Received DOM event "unload" for "about:blank"
JavaScript error: https://medium.com/top-100/december-2013, line 2: TypeError: window.obvInit is not a function
1521298630280	Marionette	DEBUG	Received DOM event "DOMContentLoaded" for "https://medium.com/top-100/december-2013"
1521298631321	Marionette	DEBUG	Received DOM event "pageshow" for "https://medium.com/top-100/december-2013"
1521298668055	geckodriver	INFO	Listening on 127.0.0.1:55659
1521298669056	mozprofile::profile	INFO	Using profile path /tmp/rust_mozprofile.uOw0l0i8KtUM
1521298669057	geckodriver::marionette	INFO	Starting browser /usr/bin/firefox
1521298669060	geckodriver::marionette	INFO	Connecting to Marionette on localhost:43317
1521298669980	Marionette	INFO	Enabled via --marionette
1521298674164	Marionette	INFO	Listening on port 43317
1521298674287	Marionette	DEBUG	Register listener.js for window 2147483649
1521298674324	Marionette	DEBUG	Received DOM event "beforeunload" for "about:blank"
1521298679694	Marionette	DEBUG	Received DOM event "pagehide" for "about:blank"
1521298679695	Marionette	DEBUG	Received DOM event "unload" for "about:blank"
1521298680369	Marionette	DEBUG	Received DOM event "DOMContentLoaded" for "https://medium.com/topic/technology"
1521298682502	Marionette	DEBUG	Received DOM event "pageshow" for "https://medium.com/topic/technology"
JavaScript error: jar:file:///usr/lib/firefox/omni.ja!/components/nsUrlClassifierListManager.js, line 324: NS_ERROR_NOT_INITIALIZED: Component returned failure code: 0xc1f30001 (NS_ERROR_NOT_INITIALIZED) [nsIUrlClassifierDBService.getTables]
JavaScript error: jar:file:///usr/lib/firefox/omni.ja!/components/nsUrlClassifierListManager.js, line 324: NS_ERROR_NOT_INITIALIZED: Component returned failure code: 0xc1f30001 (NS_ERROR_NOT_INITIALIZED) [nsIUrlClassifierDBService.getTables]
*** UTM:SVC TimerManager:registerTimer called after profile-before-change notification. Ignoring timer registration for id: telemetry_modules_ping
JavaScript error: jar:file:///usr/lib/firefox/omni.ja!/components/nsUrlClassifierListManager.js, line 324: NS_ERROR_NOT_INITIALIZED: Component returned failure code: 0xc1f30001 (NS_ERROR_NOT_INITIALIZED) [nsIUrlClassifierDBService.getTables]
JavaScript error: jar:file:///usr/lib/firefox/omni.ja!/components/nsUrlClassifierListManager.js, line 324: NS_ERROR_NOT_INITIALIZED: Component returned failure code: 0xc1f30001 (NS_ERROR_NOT_INITIALIZED) [nsIUrlClassifierDBService.getTables]
1521298714824	geckodriver	INFO	Listening on 127.0.0.1:53145
1521298714879	mozprofile::profile	INFO	Using profile path /tmp/rust_mozprofile.LCQtwlJbaTDM
1521298714880	geckodriver::marionette	INFO	Starting browser /usr/bin/firefox
1521298714882	geckodriver::marionette	INFO	Connecting to Marionette on localhost:44729
1521298715826	Marionette	INFO	Enabled via --marionette
1521298719501	Marionette	INFO	Listening on port 44729
1521298719790	Marionette	DEBUG	Register listener.js for window 2147483649
1521298719822	Marionette	DEBUG	Received DOM event "beforeunload" for "about:blank"
1521298721332	Marionette	DEBUG	Received DOM event "pagehide" for "about:blank"
1521298721332	Marionette	DEBUG	Received DOM event "unload" for "about:blank"
1521298722172	Marionette	DEBUG	Received DOM event "DOMContentLoaded" for "https://medium.com/topic/technology"
1521298722825	Marionette	DEBUG	Received DOM event "pageshow" for "https://medium.com/topic/technology"
*** UTM:SVC TimerManager:registerTimer called after profile-before-change notification. Ignoring timer registration for id: telemetry_modules_ping
JavaScript error: jar:file:///usr/lib/firefox/omni.ja!/components/nsUrlClassifierListManager.js, line 324: NS_ERROR_NOT_INITIALIZED: Component returned failure code: 0xc1f30001 (NS_ERROR_NOT_INITIALIZED) [nsIUrlClassifierDBService.getTables]
JavaScript error: jar:file:///usr/lib/firefox/omni.ja!/components/nsUrlClassifierListManager.js, line 324: NS_ERROR_NOT_INITIALIZED: Component returned failure code: 0xc1f30001 (NS_ERROR_NOT_INITIALIZED) [nsIUrlClassifierDBService.getTables]
1521301933943	geckodriver	INFO	Listening on 127.0.0.1:50549
1521301934943	mozprofile::profile	INFO	Using profile path /tmp/rust_mozprofile.jadmMlA0ornY
1521301934944	geckodriver::marionette	INFO	Starting browser /usr/bin/firefox
1521301934975	geckodriver::marionette	INFO	Connecting to Marionette on localhost:36249
1521301936158	Marionette	INFO	Enabled via --marionette
1521301940358	Marionette	INFO	Listening on port 36249
1521301940497	Marionette	DEBUG	Register listener.js for window 2147483649
*** UTM:SVC TimerManager:registerTimer called after profile-before-change notification. Ignoring timer registration for id: telemetry_modules_ping
JavaScript error: jar:file:///usr/lib/firefox/omni.ja!/components/nsUrlClassifierListManager.js, line 324: NS_ERROR_NOT_INITIALIZED: Component returned failure code: 0xc1f30001 (NS_ERROR_NOT_INITIALIZED) [nsIUrlClassifierDBService.getTables]
JavaScript error: jar:file:///usr/lib/firefox/omni.ja!/components/nsUrlClassifierListManager.js, line 324: NS_ERROR_NOT_INITIALIZED: Component returned failure code: 0xc1f30001 (NS_ERROR_NOT_INITIALIZED) [nsIUrlClassifierDBService.getTables]
1521302025620	geckodriver	INFO	Listening on 127.0.0.1:33393
1521302026619	mozprofile::profile	INFO	Using profile path /tmp/rust_mozprofile.o2p7eghKKNmi
1521302026619	geckodriver::marionette	INFO	Starting browser /usr/bin/firefox
1521302026622	geckodriver::marionette	INFO	Connecting to Marionette on localhost:36917
1521302027605	Marionette	INFO	Enabled via --marionette
1521302031408	Marionette	INFO	Listening on port 36917
1521302031528	Marionette	DEBUG	Register listener.js for window 2147483649
*** UTM:SVC TimerManager:registerTimer called after profile-before-change notification. Ignoring timer registration for id: telemetry_modules_ping
JavaScript error: jar:file:///usr/lib/firefox/omni.ja!/components/nsUrlClassifierListManager.js, line 324: NS_ERROR_NOT_INITIALIZED: Component returned failure code: 0xc1f30001 (NS_ERROR_NOT_INITIALIZED) [nsIUrlClassifierDBService.getTables]
JavaScript error: jar:file:///usr/lib/firefox/omni.ja!/components/nsUrlClassifierListManager.js, line 324: NS_ERROR_NOT_INITIALIZED: Component returned failure code: 0xc1f30001 (NS_ERROR_NOT_INITIALIZED) [nsIUrlClassifierDBService.getTables]
1521303158347	geckodriver	INFO	Listening on 127.0.0.1:60065
1521303159376	mozprofile::profile	INFO	Using profile path /tmp/rust_mozprofile.duw9AwVE2yg3
1521303159378	geckodriver::marionette	INFO	Starting browser /usr/bin/firefox
1521303159381	geckodriver::marionette	INFO	Connecting to Marionette on localhost:46439
1521303160403	Marionette	INFO	Enabled via --marionette
1521303163664	Marionette	INFO	Listening on port 46439
1521303163801	Marionette	DEBUG	Register listener.js for window 2147483649
1521303163928	Marionette	DEBUG	Received DOM event "beforeunload" for "about:blank"
1521303165749	Marionette	DEBUG	Received DOM event "pagehide" for "about:blank"
1521303165749	Marionette	DEBUG	Received DOM event "unload" for "about:blank"
1521303167485	Marionette	DEBUG	Received DOM event "DOMContentLoaded" for "https://www.marketwatch.com/investing/index/djia/news"
1521303169202	Marionette	DEBUG	Received observer notification "outer-window-destroyed" for "2147483663"
1521303171988	Marionette	DEBUG	Received observer notification "outer-window-destroyed" for "2147483725"
1521303172362	Marionette	DEBUG	Received observer notification "outer-window-destroyed" for "2147483727"
1521303187830	Marionette	DEBUG	Received observer notification "outer-window-destroyed" for "2147483678"
1521303187831	Marionette	DEBUG	Received observer notification "outer-window-destroyed" for "2147483653"
1521303187831	Marionette	DEBUG	Received observer notification "outer-window-destroyed" for "2147483679"
1521303187832	Marionette	DEBUG	Received observer notification "outer-window-destroyed" for "2147483680"
1521303187834	Marionette	DEBUG	Received observer notification "outer-window-destroyed" for "2147483681"
1521303187837	Marionette	DEBUG	Received observer notification "outer-window-destroyed" for "2147483682"
1521303187837	Marionette	DEBUG	Received observer notification "outer-window-destroyed" for "2147483683"
1521303187838	Marionette	DEBUG	Received observer notification "outer-window-destroyed" for "2147483684"
1521303187839	Marionette	DEBUG	Received observer notification "outer-window-destroyed" for "2147483685"
1521303187840	Marionette	DEBUG	Received observer notification "outer-window-destroyed" for "2147483729"
1521303187842	Marionette	DEBUG	Received observer notification "outer-window-destroyed" for "2147483686"
1521303187843	Marionette	DEBUG	Received observer notification "outer-window-destroyed" for "2147483655"
1521303187843	Marionette	DEBUG	Received observer notification "outer-window-destroyed" for "2147483658"
1521303187844	Marionette	DEBUG	Received observer notification "outer-window-destroyed" for "2147483660"
1521303187844	Marionette	DEBUG	Received observer notification "outer-window-destroyed" for "2147483714"
1521303187844	Marionette	DEBUG	Received observer notification "outer-window-destroyed" for "2147483662"
1521303187845	Marionette	DEBUG	Received observer notification "outer-window-destroyed" for "2147483715"
1521303187845	Marionette	DEBUG	Received observer notification "outer-window-destroyed" for "2147483667"
1521303187845	Marionette	DEBUG	Received observer notification "outer-window-destroyed" for "2147483669"
1521303187846	Marionette	DEBUG	Received observer notification "outer-window-destroyed" for "2147483670"
1521303187846	Marionette	DEBUG	Received observer notification "outer-window-destroyed" for "2147483671"
1521303187847	Marionette	DEBUG	Received observer notification "outer-window-destroyed" for "2147483672"
1521303187849	Marionette	DEBUG	Received observer notification "outer-window-destroyed" for "2147483673"
1521303187849	Marionette	DEBUG	Received observer notification "outer-window-destroyed" for "2147483674"
1521303187850	Marionette	DEBUG	Received observer notification "outer-window-destroyed" for "2147483675"
1521303187851	Marionette	DEBUG	Received observer notification "outer-window-destroyed" for "2147483676"
1521303187852	Marionette	DEBUG	Received observer notification "outer-window-destroyed" for "2147483711"
1521303187852	Marionette	DEBUG	Received observer notification "outer-window-destroyed" for "2147483723"
1521303187853	Marionette	DEBUG	Received observer notification "outer-window-destroyed" for "2147483731"
1521303187854	Marionette	DEBUG	Received observer notification "outer-window-destroyed" for "2147483733"
1521303187855	Marionette	DEBUG	Received observer notification "outer-window-destroyed" for "2147483649"
JavaScript error: https://secure.quantserve.com/quant.js, line 20: NS_ERROR_UNEXPECTED: 

###!!! [Child][MessageChannel] Error: (msgtype=0x42000E,name=PHttpChannel::Msg_DeletingChannel) Channel closing: too late to send/recv, messages will be lost


###!!! [Child][MessageChannel] Error: (msgtype=0x42000E,name=PHttpChannel::Msg_DeletingChannel) Channel closing: too late to send/recv, messages will be lost


###!!! [Child][MessageChannel] Error: (msgtype=0x42000E,name=PHttpChannel::Msg_DeletingChannel) Channel closing: too late to send/recv, messages will be lost


###!!! [Child][MessageChannel] Error: (msgtype=0x42000E,name=PHttpChannel::Msg_DeletingChannel) Channel closing: too late to send/recv, messages will be lost


###!!! [Child][MessageChannel] Error: (msgtype=0x42000E,name=PHttpChannel::Msg_DeletingChannel) Channel closing: too late to send/recv, messages will be lost


###!!! [Child][RunMessage] Error: Channel closing: too late to send/recv, messages will be lost


###!!! [Child][MessageChannel] Error: (msgtype=0x42000E,name=PHttpChannel::Msg_DeletingChannel) Channel closing: too late to send/recv, messages will be lost


###!!! [Child][MessageChannel] Error: (msgtype=0x42000E,name=PHttpChannel::Msg_DeletingChannel) Channel closing: too late to send/recv, messages will be lost

[Parent 24894, Gecko_IOThread] WARNING: pipe error (91): Connection reset by peer: file /build/firefox-bfYN6l/firefox-57.0.1+build2/ipc/chromium/src/chrome/common/ipc_channel_posix.cc, line 353
*** UTM:SVC TimerManager:registerTimer called after profile-before-change notification. Ignoring timer registration for id: telemetry_modules_ping
JavaScript error: jar:file:///usr/lib/firefox/omni.ja!/components/nsUrlClassifierListManager.js, line 324: NS_ERROR_NOT_INITIALIZED: Component returned failure code: 0xc1f30001 (NS_ERROR_NOT_INITIALIZED) [nsIUrlClassifierDBService.getTables]
JavaScript error: jar:file:///usr/lib/firefox/omni.ja!/components/nsUrlClassifierListManager.js, line 324: NS_ERROR_NOT_INITIALIZED: Component returned failure code: 0xc1f30001 (NS_ERROR_NOT_INITIALIZED) [nsIUrlClassifierDBService.getTables]
1521303192378	geckodriver	INFO	Listening on 127.0.0.1:55059
1521303193380	mozprofile::profile	INFO	Using profile path /tmp/rust_mozprofile.6Vnlc6EdzN1d
1521303193381	geckodriver::marionette	INFO	Starting browser /usr/bin/firefox
1521303193384	geckodriver::marionette	INFO	Connecting to Marionette on localhost:45741
1521303194237	Marionette	INFO	Enabled via --marionette
1521303197628	Marionette	INFO	Listening on port 45741
1521303198054	Marionette	DEBUG	Register listener.js for window 2147483649
1521303198078	Marionette	DEBUG	Received DOM event "beforeunload" for "about:blank"
1521303199086	Marionette	DEBUG	Received DOM event "pagehide" for "about:blank"
1521303199086	Marionette	DEBUG	Received DOM event "unload" for "about:blank"
1521303200912	Marionette	DEBUG	Received DOM event "DOMContentLoaded" for "https://www.marketwatch.com/investing/index/djia/news"
1521303202323	Marionette	DEBUG	Received observer notification "outer-window-destroyed" for "2147483663"
1521303206876	Marionette	DEBUG	Received observer notification "outer-window-destroyed" for "2147483733"
1521303207141	Marionette	DEBUG	Received observer notification "outer-window-destroyed" for "2147483735"
1521303226610	Marionette	DEBUG	Received observer notification "outer-window-destroyed" for "2147483737"
1521303226611	Marionette	DEBUG	Received observer notification "outer-window-destroyed" for "2147483710"
1521303226776	Marionette	DEBUG	Received observer notification "outer-window-destroyed" for "2147483741"
1521303226908	Marionette	DEBUG	Received observer notification "outer-window-destroyed" for "2147483743"
1521303240718	Marionette	DEBUG	Received observer notification "outer-window-destroyed" for "2147483701"
1521303240718	Marionette	DEBUG	Received observer notification "outer-window-destroyed" for "2147483653"
1521303240720	Marionette	DEBUG	Received observer notification "outer-window-destroyed" for "2147483703"
1521303240721	Marionette	DEBUG	Received observer notification "outer-window-destroyed" for "2147483704"
1521303240722	Marionette	DEBUG	Received observer notification "outer-window-destroyed" for "2147483705"
1521303240723	Marionette	DEBUG	Received observer notification "outer-window-destroyed" for "2147483706"
1521303240724	Marionette	DEBUG	Received observer notification "outer-window-destroyed" for "2147483707"
1521303240725	Marionette	DEBUG	Received observer notification "outer-window-destroyed" for "2147483708"
1521303240725	Marionette	DEBUG	Received observer notification "outer-window-destroyed" for "2147483709"
1521303240726	Marionette	DEBUG	Received observer notification "outer-window-destroyed" for "2147483745"
1521303240728	Marionette	DEBUG	Received observer notification "outer-window-destroyed" for "2147483739"
1521303240729	Marionette	DEBUG	Received observer notification "outer-window-destroyed" for "2147483711"
1521303240730	Marionette	DEBUG	Received observer notification "outer-window-destroyed" for "2147483655"
1521303240731	Marionette	DEBUG	Received observer notification "outer-window-destroyed" for "2147483657"
1521303240732	Marionette	DEBUG	Received observer notification "outer-window-destroyed" for "2147483693"
1521303240732	Marionette	DEBUG	Received observer notification "outer-window-destroyed" for "2147483660"
1521303240733	Marionette	DEBUG	Received observer notification "outer-window-destroyed" for "2147483661"
1521303240736	Marionette	DEBUG	Received observer notification "outer-window-destroyed" for "2147483667"
1521303240736	Marionette	DEBUG	Received observer notification "outer-window-destroyed" for "2147483668"
1521303240737	Marionette	DEBUG	Received observer notification "outer-window-destroyed" for "2147483669"
1521303240737	Marionette	DEBUG	Received observer notification "outer-window-destroyed" for "2147483670"
1521303240739	Marionette	DEBUG	Received observer notification "outer-window-destroyed" for "2147483671"
1521303240739	Marionette	DEBUG	Received observer notification "outer-window-destroyed" for "2147483672"
1521303240740	Marionette	DEBUG	Received observer notification "outer-window-destroyed" for "2147483673"
1521303240740	Marionette	DEBUG	Received observer notification "outer-window-destroyed" for "2147483674"
1521303240741	Marionette	DEBUG	Received observer notification "outer-window-destroyed" for "2147483683"
1521303240741	Marionette	DEBUG	Received observer notification "outer-window-destroyed" for "2147483702"
1521303240742	Marionette	DEBUG	Received observer notification "outer-window-destroyed" for "2147483697"
1521303240742	Marionette	DEBUG	Received observer notification "outer-window-destroyed" for "2147483699"
1521303240743	Marionette	DEBUG	Received observer notification "outer-window-destroyed" for "2147483725"
1521303240743	Marionette	DEBUG	Received observer notification "outer-window-destroyed" for "2147483729"
1521303240744	Marionette	DEBUG	Received observer notification "outer-window-destroyed" for "2147483728"
1521303240744	Marionette	DEBUG	Received observer notification "outer-window-destroyed" for "2147483649"
JavaScript error: https://www.marketwatch.com/investing/index/djia/news, line 47: NS_ERROR_NOT_INITIALIZED: 
*** UTM:SVC TimerManager:registerTimer called after profile-before-change notification. Ignoring timer registration for id: telemetry_modules_ping
JavaScript error: jar:file:///usr/lib/firefox/omni.ja!/components/nsUrlClassifierListManager.js, line 324: NS_ERROR_NOT_INITIALIZED: Component returned failure code: 0xc1f30001 (NS_ERROR_NOT_INITIALIZED) [nsIUrlClassifierDBService.getTables]
JavaScript error: jar:file:///usr/lib/firefox/omni.ja!/components/nsUrlClassifierListManager.js, line 324: NS_ERROR_NOT_INITIALIZED: Component returned failure code: 0xc1f30001 (NS_ERROR_NOT_INITIALIZED) [nsIUrlClassifierDBService.getTables]
1521303409082	geckodriver	INFO	Listening on 127.0.0.1:35647
1521303410081	mozprofile::profile	INFO	Using profile path /tmp/rust_mozprofile.3o8rpMCgZeyI
1521303410082	geckodriver::marionette	INFO	Starting browser /usr/bin/firefox
1521303410109	geckodriver::marionette	INFO	Connecting to Marionette on localhost:46135
1521303411649	Marionette	INFO	Enabled via --marionette
1521303415277	Marionette	INFO	Listening on port 46135
1521303415430	Marionette	DEBUG	Register listener.js for window 2147483649
1521303415505	Marionette	DEBUG	Received DOM event "beforeunload" for "about:blank"
1521303416984	Marionette	DEBUG	Received DOM event "pagehide" for "about:blank"
1521303416985	Marionette	DEBUG	Received DOM event "unload" for "about:blank"
1521303418725	Marionette	DEBUG	Received DOM event "DOMContentLoaded" for "https://www.marketwatch.com/investing/index/djia/news"
1521303420790	Marionette	DEBUG	Received observer notification "outer-window-destroyed" for "2147483675"
1521303421483	Marionette	DEBUG	Received observer notification "outer-window-destroyed" for "2147483724"
1521303421738	Marionette	DEBUG	Received observer notification "outer-window-destroyed" for "2147483728"
1521303434018	Marionette	DEBUG	Received observer notification "outer-window-destroyed" for "2147483674"
1521303434019	Marionette	DEBUG	Received observer notification "outer-window-destroyed" for "2147483653"
1521303434019	Marionette	DEBUG	Received observer notification "outer-window-destroyed" for "2147483666"
1521303434020	Marionette	DEBUG	Received observer notification "outer-window-destroyed" for "2147483667"
1521303434021	Marionette	DEBUG	Received observer notification "outer-window-destroyed" for "2147483668"
1521303434022	Marionette	DEBUG	Received observer notification "outer-window-destroyed" for "2147483669"
1521303434023	Marionette	DEBUG	Received observer notification "outer-window-destroyed" for "2147483670"
1521303434024	Marionette	DEBUG	Received observer notification "outer-window-destroyed" for "2147483671"
1521303434025	Marionette	DEBUG	Received observer notification "outer-window-destroyed" for "2147483672"
1521303434025	Marionette	DEBUG	Received observer notification "outer-window-destroyed" for "2147483726"
1521303434035	Marionette	DEBUG	Received observer notification "outer-window-destroyed" for "2147483673"
1521303434036	Marionette	DEBUG	Received observer notification "outer-window-destroyed" for "2147483655"
1521303434036	Marionette	DEBUG	Received observer notification "outer-window-destroyed" for "2147483658"
1521303434036	Marionette	DEBUG	Received observer notification "outer-window-destroyed" for "2147483660"
1521303434037	Marionette	DEBUG	Received observer notification "outer-window-destroyed" for "2147483717"
1521303434037	Marionette	DEBUG	Received observer notification "outer-window-destroyed" for "2147483662"
1521303434038	Marionette	DEBUG	Received observer notification "outer-window-destroyed" for "2147483718"
1521303434038	Marionette	DEBUG	Received observer notification "outer-window-destroyed" for "2147483663"
1521303434039	Marionette	DEBUG	Received observer notification "outer-window-destroyed" for "2147483676"
1521303434039	Marionette	DEBUG	Received observer notification "outer-window-destroyed" for "2147483677"
1521303434040	Marionette	DEBUG	Received observer notification "outer-window-destroyed" for "2147483678"
1521303434040	Marionette	DEBUG	Received observer notification "outer-window-destroyed" for "2147483679"
1521303434041	Marionette	DEBUG	Received observer notification "outer-window-destroyed" for "2147483680"
1521303434041	Marionette	DEBUG	Received observer notification "outer-window-destroyed" for "2147483681"
1521303434042	Marionette	DEBUG	Received observer notification "outer-window-destroyed" for "2147483682"
1521303434042	Marionette	DEBUG	Received observer notification "outer-window-destroyed" for "2147483683"
1521303434042	Marionette	DEBUG	Received observer notification "outer-window-destroyed" for "2147483705"
1521303434043	Marionette	DEBUG	Received observer notification "outer-window-destroyed" for "2147483711"
1521303434043	Marionette	DEBUG	Received observer notification "outer-window-destroyed" for "2147483722"
1521303434044	Marionette	DEBUG	Received observer notification "outer-window-destroyed" for "2147483732"
1521303434044	Marionette	DEBUG	Received observer notification "outer-window-destroyed" for "2147483649"
[Child 25321, Chrome_ChildThread] WARNING: pipe error (3): Connection reset by peer: file /build/firefox-bfYN6l/firefox-57.0.1+build2/ipc/chromium/src/chrome/common/ipc_channel_posix.cc, line 353
*** UTM:SVC TimerManager:registerTimer called after profile-before-change notification. Ignoring timer registration for id: telemetry_modules_ping
JavaScript error: jar:file:///usr/lib/firefox/omni.ja!/components/nsUrlClassifierListManager.js, line 324: NS_ERROR_NOT_INITIALIZED: Component returned failure code: 0xc1f30001 (NS_ERROR_NOT_INITIALIZED) [nsIUrlClassifierDBService.getTables]
JavaScript error: jar:file:///usr/lib/firefox/omni.ja!/components/nsUrlClassifierListManager.js, line 324: NS_ERROR_NOT_INITIALIZED: Component returned failure code: 0xc1f30001 (NS_ERROR_NOT_INITIALIZED) [nsIUrlClassifierDBService.getTables]
1521303448941	geckodriver	INFO	Listening on 127.0.0.1:42095
1521303449940	mozprofile::profile	INFO	Using profile path /tmp/rust_mozprofile.i9Du3C4GcyEA
1521303449941	geckodriver::marionette	INFO	Starting browser /usr/bin/firefox
1521303449945	geckodriver::marionette	INFO	Connecting to Marionette on localhost:34907
1521303451128	Marionette	INFO	Enabled via --marionette
1521303454599	Marionette	INFO	Listening on port 34907
1521303454915	Marionette	DEBUG	Register listener.js for window 2147483649
1521303454975	Marionette	DEBUG	Received DOM event "beforeunload" for "about:blank"
1521303455981	Marionette	DEBUG	Received DOM event "pagehide" for "about:blank"
1521303455982	Marionette	DEBUG	Received DOM event "unload" for "about:blank"
1521303457850	Marionette	DEBUG	Received DOM event "DOMContentLoaded" for "https://www.marketwatch.com/investing/index/djia/news"
1521303459777	Marionette	DEBUG	Received observer notification "outer-window-destroyed" for "2147483681"
1521303461597	Marionette	DEBUG	Received observer notification "outer-window-destroyed" for "2147483728"
1521303461607	Marionette	DEBUG	Received observer notification "outer-window-destroyed" for "2147483730"
1521303463932	Marionette	DEBUG	Received DOM event "pageshow" for "https://www.marketwatch.com/investing/index/djia/news"
1521303539100	geckodriver	INFO	Listening on 127.0.0.1:45637
1521303540096	mozprofile::profile	INFO	Using profile path /tmp/rust_mozprofile.6BXagZgjt1Bl
1521303540097	geckodriver::marionette	INFO	Starting browser /usr/bin/firefox
1521303540100	geckodriver::marionette	INFO	Connecting to Marionette on localhost:41543
1521303541152	Marionette	INFO	Enabled via --marionette
1521303545132	Marionette	INFO	Listening on port 41543
1521303545475	Marionette	DEBUG	Register listener.js for window 2147483649
1521303545496	Marionette	DEBUG	Received DOM event "beforeunload" for "about:blank"
1521303547210	Marionette	DEBUG	Received DOM event "pagehide" for "about:blank"
1521303547210	Marionette	DEBUG	Received DOM event "unload" for "about:blank"
1521303549721	Marionette	DEBUG	Received DOM event "DOMContentLoaded" for "https://www.marketwatch.com/investing/index/djia/news"
1521303551347	Marionette	DEBUG	Received observer notification "outer-window-destroyed" for "2147483661"
1521303558036	Marionette	DEBUG	Received observer notification "outer-window-destroyed" for "2147483738"
1521303558384	Marionette	DEBUG	Received observer notification "outer-window-destroyed" for "2147483740"
1521303578174	Marionette	DEBUG	Received observer notification "outer-window-destroyed" for "2147483742"
1521303578175	Marionette	DEBUG	Received observer notification "outer-window-destroyed" for "2147483724"
1521303578361	Marionette	DEBUG	Received observer notification "outer-window-destroyed" for "2147483746"
1521303578525	Marionette	DEBUG	Received observer notification "outer-window-destroyed" for "2147483748"
1521303611802	Marionette	DEBUG	Received observer notification "outer-window-destroyed" for "2147483710"
1521303611803	Marionette	DEBUG	Received observer notification "outer-window-destroyed" for "2147483653"
1521303611804	Marionette	DEBUG	Received observer notification "outer-window-destroyed" for "2147483717"
1521303611805	Marionette	DEBUG	Received observer notification "outer-window-destroyed" for "2147483718"
1521303611806	Marionette	DEBUG	Received observer notification "outer-window-destroyed" for "2147483719"
1521303611807	Marionette	DEBUG	Received observer notification "outer-window-destroyed" for "2147483720"
1521303611808	Marionette	DEBUG	Received observer notification "outer-window-destroyed" for "2147483721"
1521303611808	Marionette	DEBUG	Received observer notification "outer-window-destroyed" for "2147483722"
1521303611809	Marionette	DEBUG	Received observer notification "outer-window-destroyed" for "2147483723"
1521303611809	Marionette	DEBUG	Received observer notification "outer-window-destroyed" for "2147483750"
1521303611811	Marionette	DEBUG	Received observer notification "outer-window-destroyed" for "2147483744"
1521303611812	Marionette	DEBUG	Received observer notification "outer-window-destroyed" for "2147483725"
1521303611813	Marionette	DEBUG	Received observer notification "outer-window-destroyed" for "2147483702"
1521303611814	Marionette	DEBUG	Received observer notification "outer-window-destroyed" for "2147483655"
1521303611814	Marionette	DEBUG	Received observer notification "outer-window-destroyed" for "2147483657"
1521303611815	Marionette	DEBUG	Received observer notification "outer-window-destroyed" for "2147483658"
1521303611815	Marionette	DEBUG	Received observer notification "outer-window-destroyed" for "2147483662"
1521303611816	Marionette	DEBUG	Received observer notification "outer-window-destroyed" for "2147483663"
1521303611816	Marionette	DEBUG	Received observer notification "outer-window-destroyed" for "2147483664"
1521303611817	Marionette	DEBUG	Received observer notification "outer-window-destroyed" for "2147483665"
1521303611817	Marionette	DEBUG	Received observer notification "outer-window-destroyed" for "2147483666"
1521303611818	Marionette	DEBUG	Received observer notification "outer-window-destroyed" for "2147483667"
1521303611818	Marionette	DEBUG	Received observer notification "outer-window-destroyed" for "2147483668"
1521303611818	Marionette	DEBUG	Received observer notification "outer-window-destroyed" for "2147483669"
1521303611818	Marionette	DEBUG	Received observer notification "outer-window-destroyed" for "2147483692"
1521303611819	Marionette	DEBUG	Received observer notification "outer-window-destroyed" for "2147483700"
1521303611819	Marionette	DEBUG	Received observer notification "outer-window-destroyed" for "2147483698"
1521303611820	Marionette	DEBUG	Received observer notification "outer-window-destroyed" for "2147483693"
1521303611820	Marionette	DEBUG	Received observer notification "outer-window-destroyed" for "2147483671"
1521303611820	Marionette	DEBUG	Received observer notification "outer-window-destroyed" for "2147483701"
1521303611821	Marionette	DEBUG	Received observer notification "outer-window-destroyed" for "2147483713"
1521303611821	Marionette	DEBUG	Received observer notification "outer-window-destroyed" for "2147483707"
1521303611822	Marionette	DEBUG	Received observer notification "outer-window-destroyed" for "2147483736"
1521303611823	Marionette	DEBUG	Received observer notification "outer-window-destroyed" for "2147483715"
1521303611823	Marionette	DEBUG	Received observer notification "outer-window-destroyed" for "2147483649"

###!!! [Child][MessageChannel] Error: (msgtype=0x42000E,name=PHttpChannel::Msg_DeletingChannel) Channel closing: too late to send/recv, messages will be lost


###!!! [Child][MessageChannel] Error: (msgtype=0x42000E,name=PHttpChannel::Msg_DeletingChannel) Channel closing: too late to send/recv, messages will be lost


###!!! [Child][RunMessage] Error: Channel closing: too late to send/recv, messages will be lost


###!!! [Child][RunMessage] Error: Channel closing: too late to send/recv, messages will be lost


###!!! [Child][MessageChannel] Error: (msgtype=0x42000E,name=PHttpChannel::Msg_DeletingChannel) Channel closing: too late to send/recv, messages will be lost

JavaScript error: jar:file:///usr/lib/firefox/omni.ja!/components/nsUrlClassifierListManager.js, line 324: NS_ERROR_NOT_INITIALIZED: Component returned failure code: 0xc1f30001 (NS_ERROR_NOT_INITIALIZED) [nsIUrlClassifierDBService.getTables]
JavaScript error: jar:file:///usr/lib/firefox/omni.ja!/components/nsUrlClassifierListManager.js, line 324: NS_ERROR_NOT_INITIALIZED: Component returned failure code: 0xc1f30001 (NS_ERROR_NOT_INITIALIZED) [nsIUrlClassifierDBService.getTables]
JavaScript error: jar:file:///usr/lib/firefox/omni.ja!/components/nsUrlClassifierListManager.js, line 324: NS_ERROR_NOT_INITIALIZED: Component returned failure code: 0xc1f30001 (NS_ERROR_NOT_INITIALIZED) [nsIUrlClassifierDBService.getTables]
JavaScript error: jar:file:///usr/lib/firefox/omni.ja!/components/nsUrlClassifierListManager.js, line 324: NS_ERROR_NOT_INITIALIZED: Component returned failure code: 0xc1f30001 (NS_ERROR_NOT_INITIALIZED) [nsIUrlClassifierDBService.getTables]
1521303622598	geckodriver	INFO	Listening on 127.0.0.1:59443
1521303623597	mozprofile::profile	INFO	Using profile path /tmp/rust_mozprofile.sP3VCuEpOdNu
1521303623598	geckodriver::marionette	INFO	Starting browser /usr/bin/firefox
1521303623640	geckodriver::marionette	INFO	Connecting to Marionette on localhost:39141
1521303625529	Marionette	INFO	Enabled via --marionette
1521303629422	Marionette	INFO	Listening on port 39141
1521303629552	Marionette	DEBUG	Register listener.js for window 2147483649
1521303629802	Marionette	DEBUG	Received DOM event "beforeunload" for "about:blank"
1521303630980	Marionette	DEBUG	Received DOM event "pagehide" for "about:blank"
1521303630981	Marionette	DEBUG	Received DOM event "unload" for "about:blank"
1521303632755	Marionette	DEBUG	Received DOM event "DOMContentLoaded" for "https://www.marketwatch.com/investing/index/djia/news"
1521303634380	Marionette	DEBUG	Received observer notification "outer-window-destroyed" for "2147483662"
1521303636581	Marionette	DEBUG	Received observer notification "outer-window-destroyed" for "2147483730"
1521303636753	Marionette	DEBUG	Received observer notification "outer-window-destroyed" for "2147483735"
1521303656076	Marionette	DEBUG	Received observer notification "outer-window-destroyed" for "2147483733"
1521303656077	Marionette	DEBUG	Received observer notification "outer-window-destroyed" for "2147483676"
1521303656230	Marionette	DEBUG	Received observer notification "outer-window-destroyed" for "2147483740"
1521303656459	Marionette	DEBUG	Received observer notification "outer-window-destroyed" for "2147483744"
1521303673949	Marionette	DEBUG	Received observer notification "outer-window-destroyed" for "2147483696"
1521303673949	Marionette	DEBUG	Received observer notification "outer-window-destroyed" for "2147483653"
1521303673950	Marionette	DEBUG	Received observer notification "outer-window-destroyed" for "2147483669"
1521303673951	Marionette	DEBUG	Received observer notification "outer-window-destroyed" for "2147483670"
1521303673952	Marionette	DEBUG	Received observer notification "outer-window-destroyed" for "2147483671"
1521303673953	Marionette	DEBUG	Received observer notification "outer-window-destroyed" for "2147483672"
1521303673953	Marionette	DEBUG	Received observer notification "outer-window-destroyed" for "2147483673"
1521303673956	Marionette	DEBUG	Received observer notification "outer-window-destroyed" for "2147483674"
1521303673957	Marionette	DEBUG	Received observer notification "outer-window-destroyed" for "2147483675"
1521303673967	Marionette	DEBUG	Received observer notification "outer-window-destroyed" for "2147483742"
1521303673968	Marionette	DEBUG	Received observer notification "outer-window-destroyed" for "2147483746"
1521303673969	Marionette	DEBUG	Received observer notification "outer-window-destroyed" for "2147483738"
1521303673971	Marionette	DEBUG	Received observer notification "outer-window-destroyed" for "2147483677"
1521303673972	Marionette	DEBUG	Received observer notification "outer-window-destroyed" for "2147483655"
1521303673972	Marionette	DEBUG	Received observer notification "outer-window-destroyed" for "2147483658"
1521303673973	Marionette	DEBUG	Received observer notification "outer-window-destroyed" for "2147483708"
1521303673973	Marionette	DEBUG	Received observer notification "outer-window-destroyed" for "2147483660"
1521303673974	Marionette	DEBUG	Received observer notification "outer-window-destroyed" for "2147483661"
1521303673975	Marionette	DEBUG	Received observer notification "outer-window-destroyed" for "2147483715"
1521303673976	Marionette	DEBUG	Received observer notification "outer-window-destroyed" for "2147483666"
1521303673978	Marionette	DEBUG	Received observer notification "outer-window-destroyed" for "2147483678"
1521303673978	Marionette	DEBUG	Received observer notification "outer-window-destroyed" for "2147483679"
1521303673979	Marionette	DEBUG	Received observer notification "outer-window-destroyed" for "2147483680"
1521303673980	Marionette	DEBUG	Received observer notification "outer-window-destroyed" for "2147483681"
1521303673980	Marionette	DEBUG	Received observer notification "outer-window-destroyed" for "2147483682"
1521303673981	Marionette	DEBUG	Received observer notification "outer-window-destroyed" for "2147483683"
1521303673981	Marionette	DEBUG	Received observer notification "outer-window-destroyed" for "2147483684"
1521303673982	Marionette	DEBUG	Received observer notification "outer-window-destroyed" for "2147483685"
1521303673982	Marionette	DEBUG	Received observer notification "outer-window-destroyed" for "2147483686"
1521303673984	Marionette	DEBUG	Received observer notification "outer-window-destroyed" for "2147483707"
1521303673984	Marionette	DEBUG	Received observer notification "outer-window-destroyed" for "2147483727"
1521303673985	Marionette	DEBUG	Received observer notification "outer-window-destroyed" for "2147483724"
1521303673985	Marionette	DEBUG	Received observer notification "outer-window-destroyed" for "2147483649"
JavaScript error: https://www.marketwatch.com/investing/index/djia/news, line 47: NS_ERROR_NOT_INITIALIZED: 
*** UTM:SVC TimerManager:registerTimer called after profile-before-change notification. Ignoring timer registration for id: telemetry_modules_ping
JavaScript error: jar:file:///usr/lib/firefox/omni.ja!/components/nsUrlClassifierListManager.js, line 324: NS_ERROR_NOT_INITIALIZED: Component returned failure code: 0xc1f30001 (NS_ERROR_NOT_INITIALIZED) [nsIUrlClassifierDBService.getTables]
JavaScript error: jar:file:///usr/lib/firefox/omni.ja!/components/nsUrlClassifierListManager.js, line 324: NS_ERROR_NOT_INITIALIZED: Component returned failure code: 0xc1f30001 (NS_ERROR_NOT_INITIALIZED) [nsIUrlClassifierDBService.getTables]
